2017-04-06 10:24:25,977 [Worker-11] INFO  o.e.m.c.i.l.LifecycleMappingFactory - Using org.eclipse.m2e.jdt.JarLifecycleMapping lifecycle mapping for MavenProject: com.products-service:products-service:0.0.1-SNAPSHOT @ /Users/andrejussolovjovas/Desktop/InventoryMicroservices/products-service/pom.xml.
2017-04-06 10:24:27,808 [Worker-11] INFO  o.e.m.j.i.AbstractJavaProjectConfigurator - Adding source folder /products-service/src/main/java
2017-04-06 10:24:27,809 [Worker-11] INFO  o.e.m.j.i.AbstractJavaProjectConfigurator - Adding resource folder /products-service/src/main/resources
2017-04-06 10:24:27,816 [Worker-11] INFO  o.e.m.j.i.AbstractJavaProjectConfigurator - Adding resource folder /products-service/src/main/resources
2017-04-06 10:24:27,830 [Worker-11] INFO  o.e.m.j.i.AbstractJavaProjectConfigurator - Adding source folder /products-service/src/test/java
2017-04-06 10:24:28,999 [Worker-11] INFO  o.e.m.c.i.p.ProjectConfigurationManager - Imported and configured 1 project(s) in 4 sec
2017-04-06 10:24:29,002 [Worker-11] INFO  o.e.m.c.i.p.ProjectConfigurationManager - Update started
2017-04-06 10:24:29,492 [Worker-11] INFO  o.e.m.c.i.l.LifecycleMappingFactory - Using org.eclipse.m2e.jdt.JarLifecycleMapping lifecycle mapping for MavenProject: com.products-service:products-service:0.0.1-SNAPSHOT @ /Users/andrejussolovjovas/Desktop/InventoryMicroservices/products-service/pom.xml.
2017-04-06 10:24:29,895 [Worker-11] INFO  o.e.m.j.i.AbstractJavaProjectConfigurator - Adding source folder /products-service/src/main/java
2017-04-06 10:24:29,896 [Worker-11] INFO  o.e.m.j.i.AbstractJavaProjectConfigurator - Adding resource folder /products-service/src/main/resources
2017-04-06 10:24:29,898 [Worker-11] INFO  o.e.m.j.i.AbstractJavaProjectConfigurator - Adding resource folder /products-service/src/main/resources
2017-04-06 10:24:29,898 [Worker-11] INFO  o.e.m.j.i.AbstractJavaProjectConfigurator - Adding source folder /products-service/src/test/java
2017-04-06 10:24:30,187 [Worker-11] INFO  o.e.m.c.i.p.ProjectConfigurationManager - Update completed: 1 sec
2017-04-06 10:24:31,493 [Worker-6] INFO  o.e.m.c.i.embedder.EclipseLogger - Using 'UTF-8' encoding to copy filtered resources.
2017-04-06 10:24:31,503 [Worker-6] INFO  o.e.m.c.i.embedder.EclipseLogger - Copying 1 resource
2017-04-06 10:24:31,520 [Worker-6] INFO  o.e.m.c.i.embedder.EclipseLogger - Copying 0 resource
2017-04-06 10:24:31,526 [Worker-6] INFO  o.e.m.c.i.embedder.EclipseLogger - Using 'UTF-8' encoding to copy filtered resources.
2017-04-06 10:24:31,526 [Worker-6] INFO  o.e.m.c.i.embedder.EclipseLogger - skip non existing resourceDirectory /Users/andrejussolovjovas/Desktop/InventoryMicroservices/products-service/src/test/resources
2017-04-06 10:24:33,065 [Worker-5] INFO  o.e.m.c.i.embedder.EclipseLogger - Using 'UTF-8' encoding to copy filtered resources.
2017-04-06 10:24:33,067 [Worker-5] INFO  o.e.m.c.i.embedder.EclipseLogger - Copying 0 resource
2017-04-06 10:24:33,068 [Worker-5] INFO  o.e.m.c.i.embedder.EclipseLogger - Copying 0 resource
2017-04-06 10:24:33,069 [Worker-5] INFO  o.e.m.c.i.embedder.EclipseLogger - Using 'UTF-8' encoding to copy filtered resources.
2017-04-06 10:24:33,069 [Worker-5] INFO  o.e.m.c.i.embedder.EclipseLogger - skip non existing resourceDirectory /Users/andrejussolovjovas/Desktop/InventoryMicroservices/products-service/src/test/resources
2017-05-07 17:56:53,038 [Worker-1] INFO  o.e.m.c.i.embedder.EclipseLogger - Using 'UTF-8' encoding to copy filtered resources.
2017-05-07 17:56:53,056 [Worker-1] INFO  o.e.m.c.i.embedder.EclipseLogger - Copying 1 resource
2017-05-07 17:56:53,071 [Worker-1] INFO  o.e.m.c.i.embedder.EclipseLogger - Copying 0 resource
2017-05-07 17:56:53,075 [Worker-1] INFO  o.e.m.c.i.embedder.EclipseLogger - Using 'UTF-8' encoding to copy filtered resources.
2017-05-07 17:56:53,075 [Worker-1] INFO  o.e.m.c.i.embedder.EclipseLogger - skip non existing resourceDirectory /Users/andrejussolovjovas/Desktop/InventoryMicroservices/products-service/src/test/resources
2017-05-07 18:12:08,411 [Worker-29] INFO  o.e.m.c.i.l.LifecycleMappingFactory - Using org.eclipse.m2e.jdt.JarLifecycleMapping lifecycle mapping for MavenProject: com.products-service:products-service:0.0.1-SNAPSHOT @ /Users/andrejussolovjovas/Desktop/InventoryMicroservices/products-service/pom.xml.
2017-05-07 18:12:09,012 [Worker-29] INFO  o.e.m.c.i.e.AbstractTransferListenerAdapter - Downloading https://repo.maven.apache.org/maven2/org/springframework/boot/spring-boot-starter-web-services/1.5.2.RELEASE/spring-boot-starter-web-services-1.5.2.RELEASE.pom
2017-05-07 18:12:09,029 [Worker-29] INFO  o.e.m.c.i.e.AbstractTransferListenerAdapter - Downloaded https://repo.maven.apache.org/maven2/org/springframework/boot/spring-boot-starter-web-services/1.5.2.RELEASE/spring-boot-starter-web-services-1.5.2.RELEASE.pom
2017-05-07 18:12:09,054 [Worker-29] INFO  o.e.m.c.i.e.AbstractTransferListenerAdapter - Downloading https://repo.maven.apache.org/maven2/org/springframework/spring-oxm/4.3.7.RELEASE/spring-oxm-4.3.7.RELEASE.pom
2017-05-07 18:12:09,069 [Worker-29] INFO  o.e.m.c.i.e.AbstractTransferListenerAdapter - Downloaded https://repo.maven.apache.org/maven2/org/springframework/spring-oxm/4.3.7.RELEASE/spring-oxm-4.3.7.RELEASE.pom
2017-05-07 18:12:09,156 [Worker-29] INFO  o.e.m.c.i.e.AbstractTransferListenerAdapter - Downloading https://repo.maven.apache.org/maven2/org/springframework/boot/spring-boot-starter-web-services/1.5.2.RELEASE/spring-boot-starter-web-services-1.5.2.RELEASE.jar
2017-05-07 18:12:09,177 [Worker-29] INFO  o.e.m.c.i.e.AbstractTransferListenerAdapter - Downloaded https://repo.maven.apache.org/maven2/org/springframework/boot/spring-boot-starter-web-services/1.5.2.RELEASE/spring-boot-starter-web-services-1.5.2.RELEASE.jar
2017-05-07 18:12:09,194 [Worker-29] INFO  o.e.m.c.i.e.AbstractTransferListenerAdapter - Downloading https://repo.maven.apache.org/maven2/org/springframework/spring-oxm/4.3.7.RELEASE/spring-oxm-4.3.7.RELEASE.jar
2017-05-07 18:12:09,255 [Worker-29] INFO  o.e.m.c.i.e.AbstractTransferListenerAdapter - Downloaded https://repo.maven.apache.org/maven2/org/springframework/spring-oxm/4.3.7.RELEASE/spring-oxm-4.3.7.RELEASE.jar
2017-05-07 18:12:09,472 [Worker-29] INFO  o.e.m.c.i.embedder.EclipseLogger - Using 'UTF-8' encoding to copy filtered resources.
2017-05-07 18:12:09,476 [Worker-29] INFO  o.e.m.c.i.embedder.EclipseLogger - Copying 0 resource
2017-05-07 18:12:09,476 [Worker-29] INFO  o.e.m.c.i.embedder.EclipseLogger - Copying 0 resource
2017-05-07 18:12:09,479 [Worker-29] INFO  o.e.m.c.i.embedder.EclipseLogger - Using 'UTF-8' encoding to copy filtered resources.
2017-05-07 18:12:09,480 [Worker-29] INFO  o.e.m.c.i.embedder.EclipseLogger - skip non existing resourceDirectory /Users/andrejussolovjovas/Desktop/InventoryMicroservices/products-service/src/test/resources
2017-05-07 18:12:13,076 [Worker-30] INFO  o.e.m.c.i.embedder.EclipseLogger - Using 'UTF-8' encoding to copy filtered resources.
2017-05-07 18:12:13,081 [Worker-30] INFO  o.e.m.c.i.embedder.EclipseLogger - Copying 1 resource
2017-05-07 18:12:13,103 [Worker-30] INFO  o.e.m.c.i.embedder.EclipseLogger - Copying 0 resource
2017-05-07 18:12:13,110 [Worker-30] INFO  o.e.m.c.i.embedder.EclipseLogger - Using 'UTF-8' encoding to copy filtered resources.
2017-05-07 18:12:13,110 [Worker-30] INFO  o.e.m.c.i.embedder.EclipseLogger - skip non existing resourceDirectory /Users/andrejussolovjovas/Desktop/InventoryMicroservices/products-service/src/test/resources
2017-05-07 18:12:33,007 [Worker-29] INFO  o.e.m.c.i.l.LifecycleMappingFactory - Using org.eclipse.m2e.jdt.JarLifecycleMapping lifecycle mapping for MavenProject: com.products-service:products-service:0.0.1-SNAPSHOT @ /Users/andrejussolovjovas/Desktop/InventoryMicroservices/products-service/pom.xml.
2017-05-07 18:12:33,741 [Worker-29] INFO  o.e.m.c.i.embedder.EclipseLogger - Using 'UTF-8' encoding to copy filtered resources.
2017-05-07 18:12:33,743 [Worker-29] INFO  o.e.m.c.i.embedder.EclipseLogger - Copying 0 resource
2017-05-07 18:12:33,743 [Worker-29] INFO  o.e.m.c.i.embedder.EclipseLogger - Copying 0 resource
2017-05-07 18:12:33,749 [Worker-29] INFO  o.e.m.c.i.embedder.EclipseLogger - Using 'UTF-8' encoding to copy filtered resources.
2017-05-07 18:12:33,750 [Worker-29] INFO  o.e.m.c.i.embedder.EclipseLogger - skip non existing resourceDirectory /Users/andrejussolovjovas/Desktop/InventoryMicroservices/products-service/src/test/resources
2017-05-07 18:12:36,599 [Worker-31] INFO  o.e.m.c.i.embedder.EclipseLogger - Using 'UTF-8' encoding to copy filtered resources.
2017-05-07 18:12:36,600 [Worker-31] INFO  o.e.m.c.i.embedder.EclipseLogger - Copying 1 resource
2017-05-07 18:12:36,616 [Worker-31] INFO  o.e.m.c.i.embedder.EclipseLogger - Copying 0 resource
2017-05-07 18:12:36,618 [Worker-31] INFO  o.e.m.c.i.embedder.EclipseLogger - Using 'UTF-8' encoding to copy filtered resources.
2017-05-07 18:12:36,619 [Worker-31] INFO  o.e.m.c.i.embedder.EclipseLogger - skip non existing resourceDirectory /Users/andrejussolovjovas/Desktop/InventoryMicroservices/products-service/src/test/resources
2017-05-07 18:13:04,180 [Worker-30] INFO  o.e.m.c.i.l.LifecycleMappingFactory - Using org.eclipse.m2e.jdt.JarLifecycleMapping lifecycle mapping for MavenProject: com.products-service:products-service:0.0.1-SNAPSHOT @ /Users/andrejussolovjovas/Desktop/InventoryMicroservices/products-service/pom.xml.
2017-05-07 18:13:04,603 [Worker-30] INFO  o.e.m.c.i.embedder.EclipseLogger - Using 'UTF-8' encoding to copy filtered resources.
2017-05-07 18:13:04,606 [Worker-30] INFO  o.e.m.c.i.embedder.EclipseLogger - Copying 0 resource
2017-05-07 18:13:04,606 [Worker-30] INFO  o.e.m.c.i.embedder.EclipseLogger - Copying 0 resource
2017-05-07 18:13:04,610 [Worker-30] INFO  o.e.m.c.i.embedder.EclipseLogger - Using 'UTF-8' encoding to copy filtered resources.
2017-05-07 18:13:04,610 [Worker-30] INFO  o.e.m.c.i.embedder.EclipseLogger - skip non existing resourceDirectory /Users/andrejussolovjovas/Desktop/InventoryMicroservices/products-service/src/test/resources
2017-05-07 18:13:07,626 [Worker-27] INFO  o.e.m.c.i.embedder.EclipseLogger - Using 'UTF-8' encoding to copy filtered resources.
2017-05-07 18:13:07,627 [Worker-27] INFO  o.e.m.c.i.embedder.EclipseLogger - Copying 1 resource
2017-05-07 18:13:07,649 [Worker-27] INFO  o.e.m.c.i.embedder.EclipseLogger - Copying 0 resource
2017-05-07 18:13:07,652 [Worker-27] INFO  o.e.m.c.i.embedder.EclipseLogger - Using 'UTF-8' encoding to copy filtered resources.
2017-05-07 18:13:07,652 [Worker-27] INFO  o.e.m.c.i.embedder.EclipseLogger - skip non existing resourceDirectory /Users/andrejussolovjovas/Desktop/InventoryMicroservices/products-service/src/test/resources
2017-05-07 18:13:32,096 [Worker-27] INFO  o.e.m.c.i.l.LifecycleMappingFactory - Using org.eclipse.m2e.jdt.JarLifecycleMapping lifecycle mapping for MavenProject: com.products-service:products-service:0.0.1-SNAPSHOT @ /Users/andrejussolovjovas/Desktop/InventoryMicroservices/products-service/pom.xml.
2017-05-07 18:13:32,421 [Worker-27] INFO  o.e.m.c.i.embedder.EclipseLogger - Using 'UTF-8' encoding to copy filtered resources.
2017-05-07 18:13:32,425 [Worker-27] INFO  o.e.m.c.i.embedder.EclipseLogger - Copying 0 resource
2017-05-07 18:13:32,426 [Worker-27] INFO  o.e.m.c.i.embedder.EclipseLogger - Copying 0 resource
2017-05-07 18:13:32,432 [Worker-27] INFO  o.e.m.c.i.embedder.EclipseLogger - Using 'UTF-8' encoding to copy filtered resources.
2017-05-07 18:13:32,432 [Worker-27] INFO  o.e.m.c.i.embedder.EclipseLogger - skip non existing resourceDirectory /Users/andrejussolovjovas/Desktop/InventoryMicroservices/products-service/src/test/resources
2017-05-07 18:13:35,132 [Worker-33] INFO  o.e.m.c.i.embedder.EclipseLogger - Using 'UTF-8' encoding to copy filtered resources.
2017-05-07 18:13:35,133 [Worker-33] INFO  o.e.m.c.i.embedder.EclipseLogger - Copying 1 resource
2017-05-07 18:13:35,152 [Worker-33] INFO  o.e.m.c.i.embedder.EclipseLogger - Copying 0 resource
2017-05-07 18:13:35,154 [Worker-33] INFO  o.e.m.c.i.embedder.EclipseLogger - Using 'UTF-8' encoding to copy filtered resources.
2017-05-07 18:13:35,155 [Worker-33] INFO  o.e.m.c.i.embedder.EclipseLogger - skip non existing resourceDirectory /Users/andrejussolovjovas/Desktop/InventoryMicroservices/products-service/src/test/resources
2017-05-07 18:13:43,704 [Worker-29] INFO  o.e.m.c.i.p.ProjectConfigurationManager - Update started
2017-05-07 18:13:44,026 [Worker-29] INFO  o.e.m.c.i.l.LifecycleMappingFactory - Using org.eclipse.m2e.jdt.JarLifecycleMapping lifecycle mapping for MavenProject: com.products-service:products-service:0.0.1-SNAPSHOT @ /Users/andrejussolovjovas/Desktop/InventoryMicroservices/products-service/pom.xml.
2017-05-07 18:13:44,338 [Worker-29] INFO  o.e.m.j.i.AbstractJavaProjectConfigurator - Adding source folder /products-service/src/main/java
2017-05-07 18:13:44,339 [Worker-29] INFO  o.e.m.j.i.AbstractJavaProjectConfigurator - Adding resource folder /products-service/src/main/resources
2017-05-07 18:13:44,339 [Worker-29] INFO  o.e.m.j.i.AbstractJavaProjectConfigurator - Adding resource folder /products-service/src/main/resources
2017-05-07 18:13:44,339 [Worker-29] INFO  o.e.m.j.i.AbstractJavaProjectConfigurator - Adding source folder /products-service/src/test/java
2017-05-07 18:13:44,473 [Worker-29] INFO  o.e.m.c.i.p.ProjectConfigurationManager - Update completed: 0 sec
2017-05-07 18:13:45,495 [Worker-33] INFO  o.e.m.c.i.embedder.EclipseLogger - Using 'UTF-8' encoding to copy filtered resources.
2017-05-07 18:13:45,499 [Worker-33] INFO  o.e.m.c.i.embedder.EclipseLogger - Copying 1 resource
2017-05-07 18:13:45,517 [Worker-33] INFO  o.e.m.c.i.embedder.EclipseLogger - Copying 0 resource
2017-05-07 18:13:45,519 [Worker-33] INFO  o.e.m.c.i.embedder.EclipseLogger - Using 'UTF-8' encoding to copy filtered resources.
2017-05-07 18:13:45,519 [Worker-33] INFO  o.e.m.c.i.embedder.EclipseLogger - skip non existing resourceDirectory /Users/andrejussolovjovas/Desktop/InventoryMicroservices/products-service/src/test/resources
2017-05-07 18:15:21,055 [Worker-27] INFO  o.e.m.c.i.embedder.EclipseLogger - Using 'UTF-8' encoding to copy filtered resources.
2017-05-07 18:15:21,058 [Worker-27] INFO  o.e.m.c.i.embedder.EclipseLogger - Copying 1 resource
2017-05-07 18:15:21,059 [Worker-27] INFO  o.e.m.c.i.embedder.EclipseLogger - Copying 0 resource
2017-05-07 18:15:21,062 [Worker-27] INFO  o.e.m.c.i.embedder.EclipseLogger - Using 'UTF-8' encoding to copy filtered resources.
2017-05-07 18:15:21,062 [Worker-27] INFO  o.e.m.c.i.embedder.EclipseLogger - skip non existing resourceDirectory /Users/andrejussolovjovas/Desktop/InventoryMicroservices/products-service/src/test/resources
2017-05-07 18:20:48,453 [Worker-32] INFO  o.e.m.c.i.embedder.EclipseLogger - Using 'UTF-8' encoding to copy filtered resources.
2017-05-07 18:20:48,453 [Worker-32] INFO  o.e.m.c.i.embedder.EclipseLogger - Copying 0 resource
2017-05-07 18:20:48,453 [Worker-32] INFO  o.e.m.c.i.embedder.EclipseLogger - Copying 1 resource
2017-05-07 18:20:48,456 [Worker-32] INFO  o.e.m.c.i.embedder.EclipseLogger - Using 'UTF-8' encoding to copy filtered resources.
2017-05-07 18:20:48,457 [Worker-32] INFO  o.e.m.c.i.embedder.EclipseLogger - skip non existing resourceDirectory /Users/andrejussolovjovas/Desktop/InventoryMicroservices/products-service/src/test/resources
2017-05-07 18:20:52,438 [Worker-35] INFO  o.e.m.c.i.embedder.EclipseLogger - Using 'UTF-8' encoding to copy filtered resources.
2017-05-07 18:20:52,439 [Worker-35] INFO  o.e.m.c.i.embedder.EclipseLogger - Copying 0 resource
2017-05-07 18:20:52,440 [Worker-35] INFO  o.e.m.c.i.embedder.EclipseLogger - Copying 1 resource
2017-05-07 18:20:52,445 [Worker-35] INFO  o.e.m.c.i.embedder.EclipseLogger - Using 'UTF-8' encoding to copy filtered resources.
2017-05-07 18:20:52,446 [Worker-35] INFO  o.e.m.c.i.embedder.EclipseLogger - skip non existing resourceDirectory /Users/andrejussolovjovas/Desktop/InventoryMicroservices/products-service/src/test/resources
2017-05-07 18:32:44,332 [Worker-38] INFO  o.e.m.c.i.embedder.EclipseLogger - Using 'UTF-8' encoding to copy filtered resources.
2017-05-07 18:32:44,333 [Worker-38] INFO  o.e.m.c.i.embedder.EclipseLogger - Copying 1 resource
2017-05-07 18:32:44,334 [Worker-38] INFO  o.e.m.c.i.embedder.EclipseLogger - Copying 1 resource
2017-05-07 18:32:44,337 [Worker-38] INFO  o.e.m.c.i.embedder.EclipseLogger - Using 'UTF-8' encoding to copy filtered resources.
2017-05-07 18:32:44,338 [Worker-38] INFO  o.e.m.c.i.embedder.EclipseLogger - skip non existing resourceDirectory /Users/andrejussolovjovas/Desktop/InventoryMicroservices/products-service/src/test/resources
2017-05-07 18:34:04,318 [Worker-38] INFO  o.e.m.c.i.embedder.EclipseLogger - Using 'UTF-8' encoding to copy filtered resources.
2017-05-07 18:34:04,318 [Worker-38] INFO  o.e.m.c.i.embedder.EclipseLogger - Copying 0 resource
2017-05-07 18:34:04,318 [Worker-38] INFO  o.e.m.c.i.embedder.EclipseLogger - Copying 0 resource
2017-05-07 18:34:04,320 [Worker-38] INFO  o.e.m.c.i.embedder.EclipseLogger - Using 'UTF-8' encoding to copy filtered resources.
2017-05-07 18:34:04,320 [Worker-38] INFO  o.e.m.c.i.embedder.EclipseLogger - skip non existing resourceDirectory /Users/andrejussolovjovas/Desktop/InventoryMicroservices/products-service/src/test/resources
